<?xml version="1.0" encoding="UTF-8"?>
<!-- Generated by org.testng.reporters.JUnitReportReporter -->
<testsuite hostname="KNTRAN-LAP" name="com.topicme.solr.dao.WebPageRespositoryTest" tests="1" failures="0" timestamp="24 Nov 2017 08:56:27 GMT" time="0.251" errors="0">
  <testcase name="test1" time="0.251" classname="com.topicme.solr.dao.WebPageRespositoryTest"/>
</testsuite> <!-- com.topicme.solr.dao.WebPageRespositoryTest -->
